<?xml version="1.0" encoding="UTF-8"?>
<!-- Generated by org.testng.reporters.JUnitReportReporter -->
<testsuite hostname="DESKTOP-N0JQPGA" failures="0" tests="2" name="com.testcases.LoginPageTest" time="621.774" errors="0" timestamp="2021-12-21T14:29:46 IST" skipped="0">
  <testcase classname="com.testcases.LoginPageTest" name="validateLoginTest" time="308.751"/>
  <system-out/>
  <testcase classname="com.testcases.LoginPageTest" name="validateTitleTest" time="313.023"/>
  <system-out/>
</testsuite> <!-- com.testcases.LoginPageTest -->
