<?xml version="1.0" encoding="UTF-8"?>
<!-- Generated by org.testng.reporters.JUnitReportReporter -->
<testsuite hostname="DESKTOP-N0JQPGA" failures="0" tests="3" name="TestNGDemo.TestNGAnnotations" time="0.030" errors="0" timestamp="2021-12-17T15:40:17 IST" skipped="0">
  <testcase classname="TestNGDemo.TestNGAnnotations" name="LoginTest" time="0.003"/>
  <system-out/>
  <testcase classname="TestNGDemo.TestNGAnnotations" name="HomePageTest" time="0.001"/>
  <system-out/>
  <testcase classname="TestNGDemo.TestNGAnnotations" name="validateTitleTest" time="0.026"/>
  <system-out/>
</testsuite> <!-- TestNGDemo.TestNGAnnotations -->
