<?xml version="1.0" encoding="UTF-8"?>
<!-- Generated by org.testng.reporters.JUnitReportReporter -->
<testsuite hostname="DESKTOP-N0JQPGA" failures="0" tests="3" name="TestNGDemo.WebTesting" time="0.003" errors="0" timestamp="2021-12-17T15:40:17 IST" skipped="0">
  <testcase classname="TestNGDemo.WebTesting" name="tc3" time="0.001"/>
  <system-out/>
  <testcase classname="TestNGDemo.WebTesting" name="tc2" time="0.001"/>
  <system-out/>
  <testcase classname="TestNGDemo.WebTesting" name="tc1" time="0.001"/>
  <system-out/>
</testsuite> <!-- TestNGDemo.WebTesting -->
