<?xml version="1.0" encoding="UTF-8"?>
<!-- Generated by org.testng.reporters.JUnitReportReporter -->
<testsuite hostname="DESKTOP-N0JQPGA" failures="0" tests="3" name="TestNGDemo.MobileTesting" time="0.024" errors="0" timestamp="2021-12-17T15:40:17 IST" skipped="1">
  <testcase classname="TestNGDemo.MobileTesting" name="tc2" time="0.005"/>
  <system-out/>
  <testcase classname="TestNGDemo.MobileTesting" name="tc1" time="0.019"/>
  <system-out/>
  <testcase classname="TestNGDemo.MobileTesting" name="tc4">
    <skipped/>
  </testcase> <!-- tc4 -->
  <system-out/>
</testsuite> <!-- TestNGDemo.MobileTesting -->
