<?xml version="1.0" encoding="UTF-8"?>
<!-- Generated by org.testng.reporters.JUnitReportReporter -->
<testsuite hostname="DESKTOP-N0JQPGA" failures="0" tests="2" name="TestNGDemo.ParametrizationDemo" time="0.012" errors="0" timestamp="2021-12-17T17:04:25 IST" skipped="0">
  <testcase classname="TestNGDemo.ParametrizationDemo" name="loginWithDataProvider" time="0.002"/>
  <system-out/>
  <testcase classname="TestNGDemo.ParametrizationDemo" name="loginWithDataProvider" time="0.010"/>
  <system-out/>
</testsuite> <!-- TestNGDemo.ParametrizationDemo -->
