<?xml version="1.0" encoding="UTF-8"?>
<!-- Generated by org.testng.reporters.JUnitReportReporter -->
<testsuite hostname="DESKTOP-N0JQPGA" failures="0" tests="2" name="com.testcases.LoginPageTest" time="82.801" errors="0" timestamp="2021-12-20T14:12:36 IST" skipped="0">
  <testcase classname="com.testcases.LoginPageTest" name="validateLoginTest" time="26.198"/>
  <system-out/>
  <testcase classname="com.testcases.LoginPageTest" name="validateTitleTest" time="56.603"/>
  <system-out/>
</testsuite> <!-- com.testcases.LoginPageTest -->
