<?xml version="1.0" encoding="UTF-8"?>
<!-- Generated by org.testng.reporters.JUnitReportReporter -->
<testsuite hostname="Ajays-MacBook-Air.local" failures="0" tests="3" name="com.testcases.LoginPageTest" time="10.015" errors="0" timestamp="2021-12-21T16:29:57 IST" skipped="2">
  <testcase classname="com.testcases.LoginPageTest" name="validateTitleTest" time="10.015"/>
  <system-out/>
  <testcase classname="com.testcases.LoginPageTest" name="validateLoginUserRole">
    <skipped/>
  </testcase> <!-- validateLoginUserRole -->
  <system-out/>
  <testcase classname="com.testcases.LoginPageTest" name="validateLoginTest">
    <skipped/>
  </testcase> <!-- validateLoginTest -->
  <system-out/>
</testsuite> <!-- com.testcases.LoginPageTest -->
