<?xml version="1.0" encoding="UTF-8"?>
<!-- Generated by org.testng.reporters.JUnitReportReporter -->
<testsuite hostname="DESKTOP-N0JQPGA" failures="0" tests="3" name="com.testcases.LoginPageTest" time="27.893" errors="0" timestamp="2021-12-21T18:24:36 IST" skipped="1">
  <testcase classname="com.testcases.LoginPageTest" name="validateLoginUserRole" time="12.262">
    <skipped/>
  </testcase> <!-- validateLoginUserRole -->
  <system-out/>
  <testcase classname="com.testcases.LoginPageTest" name="validateLoginTest" time="14.846"/>
  <system-out/>
  <testcase classname="com.testcases.LoginPageTest" name="validateTitleTest" time="0.785"/>
  <system-out/>
</testsuite> <!-- com.testcases.LoginPageTest -->
